<?xml version="1.0" encoding="UTF-8"?>
<!-- Generated by org.testng.reporters.JUnitReportReporter -->
<testsuite hostname="hari" failures="0" tests="1" name="Utilitie.MyListener" time="18.165" errors="0" timestamp="2024-02-26T16:28:25 IST" skipped="0">
  <testcase classname="Utilitie.MyListener" name="LoginFailTest" time="18.165"/>
  <system-out/>
</testsuite> <!-- Utilitie.MyListener -->
