<?xml version="1.0" encoding="UTF-8"?>
<!-- Generated by org.testng.reporters.JUnitReportReporter -->
<testsuite hostname="hari" failures="0" tests="1" name="Runner.managetestrunner" time="74.491" errors="0" timestamp="2024-02-28T12:42:11 IST" skipped="0">
  <testcase classname="Runner.managetestrunner" name="runScenario" time="74.491"/>
  <system-out/>
</testsuite> <!-- Runner.managetestrunner -->
