<?xml version="1.0" encoding="UTF-8"?>
<!-- Generated by org.testng.reporters.JUnitReportReporter -->
<testsuite hostname="hari" failures="0" tests="1" name="Runner.managesteps" time="38.722" errors="0" timestamp="2024-02-26T12:46:18 IST" skipped="0">
  <testcase classname="Runner.managesteps" name="runScenario" time="38.722"/>
  <system-out/>
</testsuite> <!-- Runner.managesteps -->
