<?xml version="1.0" encoding="UTF-8"?>
<!-- Generated by org.testng.reporters.JUnitReportReporter -->
<testsuite hostname="hari" failures="0" tests="1" name="Utilitie.listener" time="33.018" errors="0" timestamp="2024-02-27T10:07:16 IST" skipped="0">
  <testcase classname="Utilitie.listener" name="LoginFailTest" time="33.018"/>
  <system-out/>
</testsuite> <!-- Utilitie.listener -->
