<?xml version="1.0" encoding="UTF-8"?>
<!-- Generated by org.testng.reporters.JUnitReportReporter -->
<testsuite hostname="hari" failures="0" tests="3" name="Stepdeifinition.ManageStepdefinition" time="0.064" errors="0" timestamp="2024-02-29T10:21:55 IST" skipped="0">
  <testcase classname="Stepdeifinition.ManageStepdefinition" name="loginTest" time="0.023"/>
  <system-out/>
  <testcase classname="Stepdeifinition.ManageStepdefinition" name="loginTest" time="0.037"/>
  <system-out/>
  <testcase classname="Stepdeifinition.ManageStepdefinition" name="loginTest" time="0.004"/>
  <system-out/>
</testsuite> <!-- Stepdeifinition.ManageStepdefinition -->
